<?xml version="1.0" encoding="UTF-8"?>
<<<<<<< HEAD
<testsuite xmlns:xsi="http://www.w3.org/2001/XMLSchema-instance" xsi:noNamespaceSchemaLocation="https://maven.apache.org/surefire/maven-surefire-plugin/xsd/surefire-test-report.xsd" version="3.0.2" name="MessageBusTest" time="0.01" tests="2" errors="0" skipped="0" failures="0">
=======
<testsuite xmlns:xsi="http://www.w3.org/2001/XMLSchema-instance" xsi:noNamespaceSchemaLocation="https://maven.apache.org/surefire/maven-surefire-plugin/xsd/surefire-test-report.xsd" version="3.0.2" name="MessageBusTest" time="0.026" tests="3" errors="0" skipped="0" failures="0">
>>>>>>> 1e9f9739bde45659465c6b10b0f6eb639bd73693
  <properties>
    <property name="java.specification.version" value="21"/>
    <property name="sun.jnu.encoding" value="UTF-8"/>
    <property name="java.class.path" value="/home/users/bsc/shlittna/Documents/SPL@/SPL2/target/test-classes:/home/users/bsc/shlittna/Documents/SPL@/SPL2/target/classes:/home/users/bsc/shlittna/.m2/repository/com/google/code/gson/gson/2.11.0/gson-2.11.0.jar:/home/users/bsc/shlittna/.m2/repository/com/google/errorprone/error_prone_annotations/2.27.0/error_prone_annotations-2.27.0.jar:/home/users/bsc/shlittna/.m2/repository/org/junit/jupiter/junit-jupiter-api/5.11.4/junit-jupiter-api-5.11.4.jar:/home/users/bsc/shlittna/.m2/repository/org/opentest4j/opentest4j/1.3.0/opentest4j-1.3.0.jar:/home/users/bsc/shlittna/.m2/repository/org/junit/platform/junit-platform-commons/1.11.4/junit-platform-commons-1.11.4.jar:/home/users/bsc/shlittna/.m2/repository/org/apiguardian/apiguardian-api/1.1.2/apiguardian-api-1.1.2.jar:/home/users/bsc/shlittna/.m2/repository/org/junit/jupiter/junit-jupiter-engine/5.11.4/junit-jupiter-engine-5.11.4.jar:/home/users/bsc/shlittna/.m2/repository/org/junit/platform/junit-platform-engine/1.11.4/junit-platform-engine-1.11.4.jar:/home/users/bsc/shlittna/.m2/repository/junit/junit/4.13.1/junit-4.13.1.jar:/home/users/bsc/shlittna/.m2/repository/org/hamcrest/hamcrest-core/1.3/hamcrest-core-1.3.jar:"/>
    <property name="java.vm.vendor" value="Ubuntu"/>
    <property name="sun.arch.data.model" value="64"/>
    <property name="java.vendor.url" value="https://ubuntu.com/"/>
    <property name="os.name" value="Linux"/>
    <property name="java.vm.specification.version" value="21"/>
    <property name="sun.java.launcher" value="SUN_STANDARD"/>
<<<<<<< HEAD
    <property name="user.country" value="US"/>
    <property name="sun.boot.library.path" value="/usr/lib/jvm/java-21-openjdk-amd64/lib"/>
    <property name="sun.java.command" value="/home/users/bsc/shlittna/Documents/SPL@/SPL2/target/surefire/surefirebooter-20250107134426488_3.jar /home/users/bsc/shlittna/Documents/SPL@/SPL2/target/surefire 2025-01-07T13-44-24_226-jvmRun1 surefire-20250107134426488_1tmp surefire_0-20250107134426488_2tmp"/>
=======
    <property name="user.country" value="IL"/>
    <property name="sun.boot.library.path" value="C:\Program Files\Java\jdk-17\bin"/>
    <property name="sun.java.command" value="C:\Users\naama\AppData\Local\Temp\surefire1605197376389160461\surefirebooter-20250107135403665_3.jar C:\Users\naama\AppData\Local\Temp\surefire1605197376389160461 2025-01-07T13-54-03_365-jvmRun1 surefire-20250107135403665_1tmp surefire_0-20250107135403665_2tmp"/>
>>>>>>> 1e9f9739bde45659465c6b10b0f6eb639bd73693
    <property name="jdk.debug" value="release"/>
    <property name="surefire.test.class.path" value="/home/users/bsc/shlittna/Documents/SPL@/SPL2/target/test-classes:/home/users/bsc/shlittna/Documents/SPL@/SPL2/target/classes:/home/users/bsc/shlittna/.m2/repository/com/google/code/gson/gson/2.11.0/gson-2.11.0.jar:/home/users/bsc/shlittna/.m2/repository/com/google/errorprone/error_prone_annotations/2.27.0/error_prone_annotations-2.27.0.jar:/home/users/bsc/shlittna/.m2/repository/org/junit/jupiter/junit-jupiter-api/5.11.4/junit-jupiter-api-5.11.4.jar:/home/users/bsc/shlittna/.m2/repository/org/opentest4j/opentest4j/1.3.0/opentest4j-1.3.0.jar:/home/users/bsc/shlittna/.m2/repository/org/junit/platform/junit-platform-commons/1.11.4/junit-platform-commons-1.11.4.jar:/home/users/bsc/shlittna/.m2/repository/org/apiguardian/apiguardian-api/1.1.2/apiguardian-api-1.1.2.jar:/home/users/bsc/shlittna/.m2/repository/org/junit/jupiter/junit-jupiter-engine/5.11.4/junit-jupiter-engine-5.11.4.jar:/home/users/bsc/shlittna/.m2/repository/org/junit/platform/junit-platform-engine/1.11.4/junit-platform-engine-1.11.4.jar:/home/users/bsc/shlittna/.m2/repository/junit/junit/4.13.1/junit-4.13.1.jar:/home/users/bsc/shlittna/.m2/repository/org/hamcrest/hamcrest-core/1.3/hamcrest-core-1.3.jar:"/>
    <property name="sun.cpu.endian" value="little"/>
    <property name="user.home" value="/home/users/bsc/shlittna"/>
    <property name="user.language" value="en"/>
    <property name="java.specification.vendor" value="Oracle Corporation"/>
    <property name="java.version.date" value="2024-10-15"/>
    <property name="java.home" value="/usr/lib/jvm/java-21-openjdk-amd64"/>
    <property name="file.separator" value="/"/>
    <property name="basedir" value="/home/users/bsc/shlittna/Documents/SPL@/SPL2"/>
    <property name="java.vm.compressedOopsMode" value="32-bit"/>
    <property name="line.separator" value="&#10;"/>
    <property name="java.specification.name" value="Java Platform API Specification"/>
<<<<<<< HEAD
    <property name="java.vm.specification.vendor" value="Oracle Corporation"/>
    <property name="surefire.real.class.path" value="/home/users/bsc/shlittna/Documents/SPL@/SPL2/target/surefire/surefirebooter-20250107134426488_3.jar"/>
=======
    <property name="surefire.real.class.path" value="C:\Users\naama\AppData\Local\Temp\surefire1605197376389160461\surefirebooter-20250107135403665_3.jar"/>
    <property name="user.script" value=""/>
>>>>>>> 1e9f9739bde45659465c6b10b0f6eb639bd73693
    <property name="sun.management.compiler" value="HotSpot 64-Bit Tiered Compilers"/>
    <property name="java.runtime.version" value="21.0.5+11-Ubuntu-1ubuntu122.04"/>
    <property name="user.name" value="shlittna@wincs.cs.bgu.ac.il"/>
    <property name="stdout.encoding" value="UTF-8"/>
    <property name="path.separator" value=":"/>
    <property name="os.version" value="6.8.0-49-generic"/>
    <property name="java.runtime.name" value="OpenJDK Runtime Environment"/>
    <property name="file.encoding" value="UTF-8"/>
    <property name="java.vm.name" value="OpenJDK 64-Bit Server VM"/>
    <property name="localRepository" value="/home/users/bsc/shlittna/.m2/repository"/>
    <property name="java.vendor.url.bug" value="https://bugs.launchpad.net/ubuntu/+source/openjdk-21"/>
    <property name="java.io.tmpdir" value="/tmp"/>
    <property name="java.version" value="21.0.5"/>
    <property name="user.dir" value="/home/users/bsc/shlittna/Documents/SPL@/SPL2"/>
    <property name="os.arch" value="amd64"/>
    <property name="java.vm.specification.name" value="Java Virtual Machine Specification"/>
    <property name="native.encoding" value="UTF-8"/>
    <property name="java.library.path" value="/usr/java/packages/lib:/usr/lib/x86_64-linux-gnu/jni:/lib/x86_64-linux-gnu:/usr/lib/x86_64-linux-gnu:/usr/lib/jni:/lib:/usr/lib"/>
    <property name="java.vm.info" value="mixed mode, sharing"/>
    <property name="stderr.encoding" value="UTF-8"/>
    <property name="java.vendor" value="Ubuntu"/>
    <property name="java.vm.version" value="21.0.5+11-Ubuntu-1ubuntu122.04"/>
    <property name="sun.io.unicode.encoding" value="UnicodeLittle"/>
    <property name="java.class.version" value="65.0"/>
  </properties>
  <testcase name="testComplete" classname="MessageBusTest" time="0.006">
    <system-err><![CDATA[&amp#27;[33mCameraService-camera1 subscribed to broadcast class bgu.spl.mics.application.messages.TickBroadcast&amp#27;[0m
]]></system-err>
  </testcase>
<<<<<<< HEAD
  <testcase name="testSendEvent" classname="MessageBusTest" time="0.002">
=======
  <testcase name="testSendEvent" classname="MessageBusTest" time="0.0">
    <system-err><![CDATA[&amp#27;[33mCameraService-camera1 subscribed to broadcast class bgu.spl.mics.application.messages.TickBroadcast&amp#27;[0m
]]></system-err>
  </testcase>
  <testcase name="testSimpleBroadcast" classname="MessageBusTest" time="0.014">
>>>>>>> 1e9f9739bde45659465c6b10b0f6eb639bd73693
    <system-err><![CDATA[&amp#27;[33mCameraService-camera1 subscribed to broadcast class bgu.spl.mics.application.messages.TickBroadcast&amp#27;[0m
]]></system-err>
  </testcase>
</testsuite>